\BOOKMARK [0][-]{section*.5}{\376\377\000\332\000v\000o\000d}{}% 1
\BOOKMARK [0][-]{chapter.9}{\376\377\000P\000r\000o\000t\000o\000k\000o\000l\000\040\000M\000I\000D\000I}{}% 2
\BOOKMARK [1][-]{section.11}{\376\377\000H\000a\000r\000d\000w\000a\000r\000o\000v\000\341\000\040\000v\000r\000s\000t\000v\000a}{chapter.9}% 3
\BOOKMARK [2][-]{subsection.14}{\376\377\000M\000I\000D\000I\000\040\000v\000\375\000s\000t\000u\000p}{section.11}% 4
\BOOKMARK [2][-]{subsection.17}{\376\377\000M\000I\000D\000I\000\040\000v\000s\000t\000u\000p}{section.11}% 5
\BOOKMARK [1][-]{section.20}{\376\377\000S\000o\000f\000t\000w\000a\000r\000o\000v\000\341\000\040\000v\000r\000s\000t\000v\000a}{chapter.9}% 6
\BOOKMARK [2][-]{subsection.25}{\376\377\000V\000\375\000j\000i\000m\000k\000y}{section.20}% 7
\BOOKMARK [0][-]{chapter.30}{\376\377\000N\000\341\000v\000r\000h\000\040\000p\001\131\000\355\000p\000r\000a\000v\000k\000u}{}% 8
\BOOKMARK [1][-]{section.31}{\376\377\000S\000c\000h\000\351\000m\000a}{chapter.30}% 9
\BOOKMARK [1][-]{section.34}{\376\377\000P\000r\000o\000t\000o\000k\000o\000l}{chapter.30}% 10
\BOOKMARK [0][-]{chapter.35}{\376\377\000P\000r\001\157\000b\001\033\000h\000\040\000k\000o\000m\000u\000n\000i\000k\000a\000c\000e}{}% 11
\BOOKMARK [1][-]{section.36}{\376\377\000P\001\131\000i\000p\000o\000j\000e\000n\000\355\000\040\000k\000\040\000l\000o\000k\000\341\000l\000n\000\355\000\040\000s\000\355\000t\000i}{chapter.35}% 12
\BOOKMARK [1][-]{section.49}{\376\377\000U\000p\000o\000z\000o\000r\000n\001\033\000n\000\355\000\040\000n\000a\000\040\000v\000l\000a\000s\000t\000n\000\355\000\040\000p\001\131\000\355\000t\000o\000m\000n\000o\000s\000t}{chapter.35}% 13
\BOOKMARK [1][-]{section.58}{\376\377\000R\000o\000z\000p\000o\000z\000n\000\341\000n\000\355\000\040\000z\000a\001\131\000\355\000z\000e\000n\000\355\000\040\000n\000a\000\040\000s\000\355\000t\000i}{chapter.35}% 14
\BOOKMARK [1][-]{section.68}{\376\377\000P\001\131\000i\000j\000e\000t\000\355\000\040\000M\000I\000D\000I\000\040\000z\000p\000r\000\341\000v\000y}{chapter.35}% 15
\BOOKMARK [0][-]{chapter.69}{\376\377\000T\000e\000o\000r\000e\000t\000i\000c\000k\000\341\000\040\001\015\000\341\000s\000t\000\040\000s\000t\000u\000d\000e\000n\000t\000s\000k\000\351\000\040\000p\000r\000\341\000c\000e}{}% 16
\BOOKMARK [0][-]{chapter.70}{\376\377\000V\000\375\000s\000l\000e\000d\000k\000y\000\040\000s\000t\000u\000d\000e\000n\000t\000s\000k\000\351\000\040\000p\000r\000\341\000c\000e}{}% 17
\BOOKMARK [1][-]{section.71}{\376\377\000P\000r\000o\000g\000r\000a\000m\000o\000v\000\351\000\040\001\131\000e\001\141\000e\000n\000\355}{chapter.70}% 18
\BOOKMARK [1][-]{section.72}{\376\377\000V\000\375\000s\000l\000e\000d\000k\000y\000\040\000m\001\033\001\131\000e\000n\000\355}{chapter.70}% 19
\BOOKMARK [2][-]{subsection.73}{\376\377\000E\000t\000i\000a\000m\000\040\000q\000u\000i\000s\000\040\000q\000u\000a\000m}{section.72}% 20
\BOOKMARK [0][-]{section*.77}{\376\377\000Z\000\341\000v\001\033\000r}{}% 21
\BOOKMARK [0][-]{section*.79}{\376\377\000L\000i\000t\000e\000r\000a\000t\000u\000r\000a}{}% 22
\BOOKMARK [0][-]{section*.81}{\376\377\000S\000e\000z\000n\000a\000m\000\040\000s\000y\000m\000b\000o\000l\001\157\000,\000\040\000v\000e\000l\000i\001\015\000i\000n\000\040\000a\000\040\000z\000k\000r\000a\000t\000e\000k}{}% 23
\BOOKMARK [0][-]{section*.83}{\376\377\000S\000e\000z\000n\000a\000m\000\040\000p\001\131\000\355\000l\000o\000h}{}% 24
\BOOKMARK [0][-]{chapter.84}{\376\377\000M\000I\000D\000I\000\040\000S\000T\000A\000T\000U\000S\000\040\000B\000A\000J\000T\000Y\000\040}{}% 25
\BOOKMARK [0][-]{chapter.86}{\376\377\000N\001\033\000k\000t\000e\000r\000\351\000\040\000p\001\131\000\355\000k\000a\000z\000y\000\040\000b\000a\000l\000\355\001\015\000k\000u\000\040\000t\000h\000e\000s\000i\000s\000\040}{}% 26
\BOOKMARK [1][-]{section.87}{\376\377\000P\001\131\000\355\000k\000a\000z\000y\000\040\000p\000r\000o\000\040\000s\000a\000z\000b\000u\000\040\000v\000e\000l\000i\001\015\000i\000n\000\040\000a\000\040\000j\000e\000d\000n\000o\000t\000e\000k\000\040}{chapter.86}% 27
\BOOKMARK [1][-]{section.89}{\376\377\000P\001\131\000\355\000k\000a\000z\000y\000\040\000p\000r\000o\000\040\000s\000a\000z\000b\000u\000\040\000s\000y\000m\000b\000o\000l\001\157\000\040}{chapter.86}% 28
\BOOKMARK [0][-]{chapter.91}{\376\377\000D\000r\000u\000h\000\341\000\040\000p\001\131\000\355\000l\000o\000h\000a\000\040}{}% 29
\BOOKMARK [0][-]{chapter.93}{\376\377\000P\001\131\000\355\000k\000l\000a\000d\000\040\000s\000a\000z\000b\000y\000\040\000z\000d\000r\000o\000j\000o\000v\000\375\000c\000h\000\040\000k\000\363\000d\001\157\000\040}{}% 30
\BOOKMARK [1][-]{section.94}{\376\377\000B\000a\000l\000\355\001\015\000e\000k\000\040\000l\000i\000s\000t\000i\000n\000g\000s\000\040}{chapter.93}% 31
\BOOKMARK [0][-]{chapter.183}{\376\377\000O\000b\000s\000a\000h\000\040\000p\001\131\000i\000l\000o\001\176\000e\000n\000\351\000h\000o\000\040\000C\000D\000\040}{}% 32
